  Application.cpp
  imgui.cpp
  imgui_demo.cpp
  imgui_draw.cpp
  imgui_impl_dx11.cpp
  imgui_impl_win32.cpp
  imgui_widgets.cpp
  Log.cpp
  main.cpp
  ModuleGameObject.cpp
  Input.cpp
  ModuleRender.cpp
  ModuleResources.cpp
  ModuleScene.cpp
  ModuleTaskManager.cpp
  ModuleTextures.cpp
  ModuleUI.cpp
  ModulePlatform.cpp
  SceneGame.cpp
  SceneLoading.cpp
  Generating Code...
  Compiling...
  Time.cpp
  Generating Code...
  LINK : C:\Users\guillemaj\Documents\GitHub\Lab1-Thread\MultiThreading\x64\Debug\MultiThreading.exe not found or not built by the last incremental link; performing full link
  MultiThreading.vcxproj -> C:\Users\guillemaj\Documents\GitHub\Lab1-Thread\MultiThreading\x64\Debug\MultiThreading.exe
